Using pre-set license

 COMMAND LINE ARGUMENTS:
/Applications/Unity/Hub/Editor/2020.3.3f1/Unity.app/Contents/MacOS/Unity
-adb2
-batchMode
-noUpm
-name
AssetImportWorker0
-projectPath
/Users/bridget/Project_4
-logFile
Logs/AssetImportWorker0.log
-srvPort
65343
Successfully changed project path to: /Users/bridget/Project_4
/Users/bridget/Project_4
Using Asset Import Pipeline V2.
Refreshing native plugins compatible for Editor in 30.12 ms, found 1 plugins.
Preloading 0 native plugins for Editor in 0.00 ms.
Initialize engine version: 2020.3.3f1 (76626098c1c4)
[Subsystems] Discovering subsystems at path /Applications/Unity/Hub/Editor/2020.3.3f1/Unity.app/Contents/Resources/UnitySubsystems
[Subsystems] Discovering subsystems at path /Users/bridget/Project_4/Assets
GfxDevice: creating device client; threaded=0
2021-04-26 12:15:56.443 Unity[59112:5662162] (null) preferred device: Apple M1 (high power)
2021-04-26 12:15:56.443 Unity[59112:5662162] Metal devices available: 1
2021-04-26 12:15:56.443 Unity[59112:5662162] 0: Apple M1 (high power)
2021-04-26 12:15:56.443 Unity[59112:5662162] Using device Apple M1 (high power)
Initializing Metal device caps: Apple M1
Initialize mono
Mono path[0] = '/Applications/Unity/Hub/Editor/2020.3.3f1/Unity.app/Contents/Managed'
Mono path[1] = '/Applications/Unity/Hub/Editor/2020.3.3f1/Unity.app/Contents/MonoBleedingEdge/lib/mono/unityjit'
Mono config path = '/Applications/Unity/Hub/Editor/2020.3.3f1/Unity.app/Contents/MonoBleedingEdge/etc'
Using monoOptions --debugger-agent=transport=dt_socket,embedding=1,server=y,suspend=n,address=127.0.0.1:56112
Begin MonoManager ReloadAssembly
Registering precompiled unity dll's ...
Register platform support module: /Applications/Unity/Hub/Editor/2020.3.3f1/PlaybackEngines/WebGLSupport/UnityEditor.WebGL.Extensions.dll
Register platform support module: /Applications/Unity/Hub/Editor/2020.3.3f1/Unity.app/Contents/PlaybackEngines/MacStandaloneSupport/UnityEditor.OSXStandalone.Extensions.dll
Registered in 0.001564 seconds.
Native extension for OSXStandalone target not found
Native extension for WebGL target not found
Refreshing native plugins compatible for Editor in 27.82 ms, found 1 plugins.
Preloading 0 native plugins for Editor in 0.00 ms.
Invoked RoslynAnalysisRunner static constructor.
RoslynAnalysisRunner will not be running.
RoslynAnalysisRunner has terminated.
Mono: successfully reloaded assembly
- Completed reload, in  1.932 seconds
Platform modules already initialized, skipping
Registering precompiled user dll's ...
Registered in 0.001650 seconds.
Begin MonoManager ReloadAssembly
Native extension for OSXStandalone target not found
Native extension for WebGL target not found
Refreshing native plugins compatible for Editor in 0.26 ms, found 1 plugins.
Preloading 0 native plugins for Editor in 0.00 ms.
Invoked RoslynAnalysisRunner static constructor.
RoslynAnalysisRunner will not be running.
RoslynAnalysisRunner has terminated.
Mono: successfully reloaded assembly
- Completed reload, in  1.918 seconds
Platform modules already initialized, skipping
========================================================================
Worker process is ready to serve import requests
Launching external process: /Applications/Unity/Hub/Editor/2020.3.3f1/Unity.app/Contents/Tools/UnityShaderCompiler
Launched and connected shader compiler UnityShaderCompiler after 0.03 seconds
Refreshing native plugins compatible for Editor in 0.25 ms, found 1 plugins.
Preloading 0 native plugins for Editor in 0.00 ms.
Unloading 1545 Unused Serialized files (Serialized files now loaded: 0)
System memory in use before: 203.6 MB.
System memory in use after: 203.7 MB.

Unloading 68 unused Assets to reduce memory usage. Loaded Objects now: 1989.
Total: 1.729667 ms (FindLiveObjects: 0.131834 ms CreateObjectMapping: 0.034833 ms MarkObjects: 1.423125 ms  DeleteObjects: 0.139042 ms)

========================================================================
Received Import Request.
  path: Assets/IMG/Untitled-1.png
  artifactKey: Guid(fc876dab85ba847b89e494a4c980cf07) Importer(815301076,1909f56bfc062723c751e8b465ee728b)
Start importing Assets/IMG/Untitled-1.png using Guid(fc876dab85ba847b89e494a4c980cf07) Importer(815301076,1909f56bfc062723c751e8b465ee728b)  -> (artifact id: '353e78f532e3a7919c8415c20a57b549') in 0.500934 seconds
  Import took 0.503768 seconds .

========================================================================
Received Import Request.
  Time since last request: 17.971631 seconds.
  path: Assets/Material/texture_fire.mat
  artifactKey: Guid(8fa36b54ebe0e42868d911da25000919) Importer(815301076,1909f56bfc062723c751e8b465ee728b)
Start importing Assets/Material/texture_fire.mat using Guid(8fa36b54ebe0e42868d911da25000919) Importer(815301076,1909f56bfc062723c751e8b465ee728b)  -> (artifact id: 'b52f1733aed3020ce972dec93e045ca8') in 0.508504 seconds
  Import took 0.511367 seconds .

========================================================================
Received Import Request.
  Time since last request: 0.002965 seconds.
  path: Assets/Material/texture_fire.mat
  artifactKey: Guid(8fa36b54ebe0e42868d911da25000919) Importer(815301076,1909f56bfc062723c751e8b465ee728b)
Start importing Assets/Material/texture_fire.mat using Guid(8fa36b54ebe0e42868d911da25000919) Importer(815301076,1909f56bfc062723c751e8b465ee728b)  -> (artifact id: 'b52f1733aed3020ce972dec93e045ca8') in 0.010815 seconds
  Import took 0.013223 seconds .

========================================================================
Received Import Request.
  Time since last request: 536.364876 seconds.
  path: Assets/Material/texture_fire.mat
  artifactKey: Guid(8fa36b54ebe0e42868d911da25000919) Importer(815301076,1909f56bfc062723c751e8b465ee728b)
Start importing Assets/Material/texture_fire.mat using Guid(8fa36b54ebe0e42868d911da25000919) Importer(815301076,1909f56bfc062723c751e8b465ee728b)  -> (artifact id: 'd1fd746133ce85f94702cbc65b938f60') in 0.026887 seconds
  Import took 0.042116 seconds .

